  camera.cpp
camera.cpp(18): warning C4244: “=”: 从“int”转换到“float”，可能丢失数据
camera.cpp(34): warning C4244: “参数”: 从“double”转换到“float”，可能丢失数据
  group.cpp
group.cpp(31): warning C4800: “int”: 将值强制为布尔值“true”或“false”(性能警告)
  main.cpp
main.cpp(58): warning C4244: “=”: 从“double”转换到“float”，可能丢失数据
main.cpp(60): warning C4244: “=”: 从“double”转换到“float”，可能丢失数据
main.cpp(94): warning C4244: “参数”: 从“float”转换到“int”，可能丢失数据
  object3d.cpp
  scene_parser.cpp
scene_parser.cpp(94): warning C4244: “参数”: 从“float”转换到“int”，可能丢失数据
  sphere.cpp
  正在生成代码
  82 of 100 functions (82.0%) were compiled, the rest were copied from previous compilation.
    74 functions were new in current compilation
    4 functions had inline decision re-evaluated but remain unchanged
  已完成代码的生成
  Project.vcxproj -> E:\2017春夏\MIT-6-837\Project\Release\Project.exe
  Project.vcxproj -> E:\2017春夏\MIT-6-837\Project\Release\Project.pdb (Full PDB)
